[    0.000000] Linux version 4.15.0-163-generic (buildd@lcy01-amd64-021) (gcc version 7.5.0 (Ubuntu 7.5.0-3ubuntu1~18.04)) #171-Ubuntu SMP Fri Nov 5 11:55:11 UTC 2021 (Ubuntu 4.15.0-163.171-generic 4.15.18)
[    0.000000] Command line: BOOT_IMAGE=/boot/vmlinuz-4.15.0-163-generic root=LABEL=cloudimg-rootfs ro console=tty1 console=ttyS0
[    0.000000] KERNEL supported cpus:
[    0.000000]   Intel GenuineIntel
[    0.000000]   AMD AuthenticAMD
[    0.000000]   Centaur CentaurHauls
[    0.000000] x86/fpu: x87 FPU will use FXSAVE
[    0.000000] e820: BIOS-provided physical RAM map:
[    0.000000] BIOS-e820: [mem 0x0000000000000000-0x000000000009fbff] usable
[    0.000000] BIOS-e820: [mem 0x000000000009fc00-0x000000000009ffff] reserved
[    0.000000] BIOS-e820: [mem 0x00000000000f0000-0x00000000000fffff] reserved
[    0.000000] BIOS-e820: [mem 0x0000000000100000-0x000000003ffeffff] usable
[    0.000000] BIOS-e820: [mem 0x000000003fff0000-0x000000003fffffff] ACPI data
[    0.000000] BIOS-e820: [mem 0x00000000fec00000-0x00000000fec00fff] reserved
[    0.000000] BIOS-e820: [mem 0x00000000fee00000-0x00000000fee00fff] reserved
[    0.000000] BIOS-e820: [mem 0x00000000fffc0000-0x00000000ffffffff] reserved
[    0.000000] NX (Execute Disable) protection: active
[    0.000000] SMBIOS 2.5 present.
[    0.000000] DMI: innotek GmbH VirtualBox/VirtualBox, BIOS VirtualBox 12/01/2006
[    0.000000] Hypervisor detected: KVM
[    0.000000] e820: last_pfn = 0x3fff0 max_arch_pfn = 0x400000000
[    0.000000] MTRR: Disabled
[    0.000000] x86/PAT: MTRRs disabled, skipping PAT initialization too.
[    0.000000] CPU MTRRs all blank - virtualized system.
[    0.000000] x86/PAT: Configuration [0-7]: WB  WT  UC- UC  WB  WT  UC- UC  
[    0.000000] found SMP MP-table at [mem 0x0009fff0-0x0009ffff]
[    0.000000] Scanning 1 areas for low memory corruption
[    0.000000] RAMDISK: [mem 0x359c7000-0x36cdafff]
[    0.000000] ACPI: Early table checksum verification disabled
[    0.000000] ACPI: RSDP 0x00000000000E0000 000024 (v02 VBOX  )
[    0.000000] ACPI: XSDT 0x000000003FFF0030 00003C (v01 VBOX   VBOXXSDT 00000001 ASL  00000061)
[    0.000000] ACPI: FACP 0x000000003FFF00F0 0000F4 (v04 VBOX   VBOXFACP 00000001 ASL  00000061)
[    0.000000] ACPI: DSDT 0x000000003FFF0470 002325 (v02 VBOX   VBOXBIOS 00000002 INTL 20100528)
[    0.000000] ACPI: FACS 0x000000003FFF0200 000040
[    0.000000] ACPI: FACS 0x000000003FFF0200 000040
[    0.000000] ACPI: APIC 0x000000003FFF0240 00005C (v02 VBOX   VBOXAPIC 00000001 ASL  00000061)
[    0.000000] ACPI: SSDT 0x000000003FFF02A0 0001CC (v01 VBOX   VBOXCPUT 00000002 INTL 20100528)
[    0.000000] ACPI: Reserving FACP table memory at [mem 0x3fff00f0-0x3fff01e3]
[    0.000000] ACPI: Reserving DSDT table memory at [mem 0x3fff0470-0x3fff2794]
[    0.000000] ACPI: Reserving FACS table memory at [mem 0x3fff0200-0x3fff023f]
[    0.000000] ACPI: Reserving FACS table memory at [mem 0x3fff0200-0x3fff023f]
[    0.000000] ACPI: Reserving APIC table memory at [mem 0x3fff0240-0x3fff029b]
[    0.000000] ACPI: Reserving SSDT table memory at [mem 0x3fff02a0-0x3fff046b]
[    0.000000] No NUMA configuration found
[    0.000000] Faking a node at [mem 0x0000000000000000-0x000000003ffeffff]
[    0.000000] NODE_DATA(0) allocated [mem 0x3ffc5000-0x3ffeffff]
[    0.000000] kvm-clock: cpu 0, msr 0:3ff44001, primary cpu clock
[    0.000000] kvm-clock: Using msrs 4b564d01 and 4b564d00
[    0.000000] kvm-clock: using sched offset of 8613782637 cycles
[    0.000000] clocksource: kvm-clock: mask: 0xffffffffffffffff max_cycles: 0x1cd42e4dffb, max_idle_ns: 881590591483 ns
[    0.000000] Zone ranges:
[    0.000000]   DMA      [mem 0x0000000000001000-0x0000000000ffffff]
[    0.000000]   DMA32    [mem 0x0000000001000000-0x000000003ffeffff]
[    0.000000]   Normal   empty
[    0.000000]   Device   empty
[    0.000000] Movable zone start for each node
[    0.000000] Early memory node ranges
[    0.000000]   node   0: [mem 0x0000000000001000-0x000000000009efff]
[    0.000000]   node   0: [mem 0x0000000000100000-0x000000003ffeffff]
[    0.000000] Reserved but unavailable: 104 pages
[    0.000000] Initmem setup node 0 [mem 0x0000000000001000-0x000000003ffeffff]
[    0.000000] ACPI: PM-Timer IO Port: 0x4008
[    0.000000] IOAPIC[0]: apic_id 2, version 32, address 0xfec00000, GSI 0-23
[    0.000000] ACPI: INT_SRC_OVR (bus 0 bus_irq 0 global_irq 2 dfl dfl)
[    0.000000] ACPI: INT_SRC_OVR (bus 0 bus_irq 9 global_irq 9 low level)
[    0.000000] Using ACPI (MADT) for SMP configuration information
[    0.000000] smpboot: Allowing 2 CPUs, 0 hotplug CPUs
[    0.000000] PM: Registered nosave memory: [mem 0x00000000-0x00000fff]
[    0.000000] PM: Registered nosave memory: [mem 0x0009f000-0x0009ffff]
[    0.000000] PM: Registered nosave memory: [mem 0x000a0000-0x000effff]
[    0.000000] PM: Registered nosave memory: [mem 0x000f0000-0x000fffff]
[    0.000000] e820: [mem 0x40000000-0xfebfffff] available for PCI devices
[    0.000000] Booting paravirtualized kernel on KVM
[    0.000000] clocksource: refined-jiffies: mask: 0xffffffff max_cycles: 0xffffffff, max_idle_ns: 7645519600211568 ns
[    0.000000] random: get_random_bytes called from start_kernel+0x99/0x500 with crng_init=0
[    0.000000] setup_percpu: NR_CPUS:8192 nr_cpumask_bits:2 nr_cpu_ids:2 nr_node_ids:1
[    0.000000] percpu: Embedded 45 pages/cpu s147456 r8192 d28672 u1048576
[    0.000000] PV qspinlock hash table entries: 256 (order: 0, 4096 bytes)
[    0.000000] Built 1 zonelists, mobility grouping on.  Total pages: 257913
[    0.000000] Policy zone: DMA32
[    0.000000] Kernel command line: BOOT_IMAGE=/boot/vmlinuz-4.15.0-163-generic root=LABEL=cloudimg-rootfs ro console=tty1 console=ttyS0
[    0.000000] Memory: 982700K/1048120K available (12300K kernel code, 2483K rwdata, 4320K rodata, 2448K init, 2724K bss, 65420K reserved, 0K cma-reserved)
[    0.000000] SLUB: HWalign=64, Order=0-3, MinObjects=0, CPUs=2, Nodes=1
[    0.000000] Kernel/User page tables isolation: enabled
[    0.000000] ftrace: allocating 39476 entries in 155 pages
[    0.004000] Hierarchical RCU implementation.
[    0.004000] 	RCU restricting CPUs from NR_CPUS=8192 to nr_cpu_ids=2.
[    0.004000] 	Tasks RCU enabled.
[    0.004000] RCU: Adjusting geometry for rcu_fanout_leaf=16, nr_cpu_ids=2
[    0.004000] NR_IRQS: 524544, nr_irqs: 440, preallocated irqs: 16
[    0.004000] Console: colour VGA+ 80x25
[    0.004000] console [tty1] enabled
[    0.004000] console [ttyS0] enabled
[    0.004000] ACPI: Core revision 20170831
[    0.004000] ACPI: 2 ACPI AML tables successfully acquired and loaded
[    0.004000] APIC: Switch to symmetric I/O mode setup
[    0.004000] ..TIMER: vector=0x30 apic1=0 pin1=2 apic2=-1 pin2=-1
[    0.004010] tsc: Detected 1991.998 MHz processor
[    0.008022] Calibrating delay loop (skipped) preset value.. 3983.99 BogoMIPS (lpj=7967992)
[    0.012064] pid_max: default: 32768 minimum: 301
[    0.016168] Security Framework initialized
[    0.020007] Yama: becoming mindful.
[    0.024207] AppArmor: AppArmor initialized
[    0.044408] Dentry cache hash table entries: 131072 (order: 8, 1048576 bytes)
[    0.054952] Inode-cache hash table entries: 65536 (order: 7, 524288 bytes)
[    0.056214] Mount-cache hash table entries: 2048 (order: 2, 16384 bytes)
[    0.060174] Mountpoint-cache hash table entries: 2048 (order: 2, 16384 bytes)
[    0.068929] Last level iTLB entries: 4KB 64, 2MB 8, 4MB 8
[    0.072007] Last level dTLB entries: 4KB 64, 2MB 0, 4MB 0, 1GB 4
[    0.076008] Spectre V1 : Mitigation: usercopy/swapgs barriers and __user pointer sanitization
[    0.080008] Spectre V2 : Mitigation: Full generic retpoline
[    0.084006] Spectre V2 : Spectre v2 / SpectreRSB mitigation: Filling RSB on context switch
[    0.088005] Speculative Store Bypass: Vulnerable
[    0.092095] MDS: Mitigation: Clear CPU buffers
[    0.096360] Freeing SMP alternatives memory: 36K
[    0.219253] smpboot: CPU0: Intel(R) Core(TM) i7-8550U CPU @ 1.80GHz (family: 0x6, model: 0x8e, stepping: 0xa)
[    0.221257] Performance Events: unsupported p6 CPU model 142 no PMU driver, software events only.
[    0.224343] Hierarchical SRCU implementation.
[    0.233688] NMI watchdog: Perf event create on CPU 0 failed with -2
[    0.236010] NMI watchdog: Perf NMI watchdog permanently disabled
[    0.240724] smp: Bringing up secondary CPUs ...
[    0.250407] x86: Booting SMP configuration:
[    0.252010] .... node  #0, CPUs:      #1
[    0.004000] kvm-clock: cpu 1, msr 0:3ff44041, secondary cpu clock
[    0.272000] TSC synchronization [CPU#0 -> CPU#1]:
[    0.272000] Measured 162522 cycles TSC warp between CPUs, turning off TSC clock.
[    0.272000] tsc: Marking TSC unstable due to check_tsc_sync_source failed
[    0.280620] smp: Brought up 1 node, 2 CPUs
[    0.284014] smpboot: Max logical packages: 1
[    0.288016] smpboot: Total of 2 processors activated (7967.99 BogoMIPS)
[    0.304568] devtmpfs: initialized
[    0.308228] x86/mm: Memory block size: 128MB
[    0.316124] evm: security.selinux
[    0.320008] evm: security.SMACK64
[    0.324006] evm: security.SMACK64EXEC
[    0.328007] evm: security.SMACK64TRANSMUTE
[    0.332004] evm: security.SMACK64MMAP
[    0.336006] evm: security.apparmor
[    0.340004] evm: security.ima
[    0.344004] evm: security.capability
[    0.356008] clocksource: jiffies: mask: 0xffffffff max_cycles: 0xffffffff, max_idle_ns: 7645041785100000 ns
[    0.360029] futex hash table entries: 512 (order: 3, 32768 bytes)
[    0.364543] pinctrl core: initialized pinctrl subsystem
[    0.369119] RTC time: 19:03:31, date: 01/04/22
[    0.378174] NET: Registered protocol family 16
[    0.380191] audit: initializing netlink subsys (disabled)
[    0.384494] audit: type=2000 audit(1641323019.875:1): state=initialized audit_enabled=0 res=1
[    0.408015] cpuidle: using governor ladder
[    0.412024] cpuidle: using governor menu
[    0.416079] ACPI: bus type PCI registered
[    0.420010] acpiphp: ACPI Hot Plug PCI Controller Driver version: 0.5
[    0.425007] PCI: Using configuration type 1 for base access
[    0.440237] HugeTLB registered 2.00 MiB page size, pre-allocated 0 pages
[    0.456402] ACPI: Added _OSI(Module Device)
[    0.460032] ACPI: Added _OSI(Processor Device)
[    0.464009] ACPI: Added _OSI(3.0 _SCP Extensions)
[    0.468008] ACPI: Added _OSI(Processor Aggregator Device)
[    0.472011] ACPI: Added _OSI(Linux-Dell-Video)
[    0.476010] ACPI: Added _OSI(Linux-Lenovo-NV-HDMI-Audio)
[    0.480009] ACPI: Added _OSI(Linux-HPI-Hybrid-Graphics)
[    0.488575] ACPI: Executed 1 blocks of module-level executable AML code
[    0.507014] ACPI: Interpreter enabled
[    0.508034] ACPI: (supports S0 S5)
[    0.512008] ACPI: Using IOAPIC for interrupt routing
[    0.520965] PCI: Using host bridge windows from ACPI; if necessary, use "pci=nocrs" and report a bug
[    0.524497] ACPI: Enabled 2 GPEs in block 00 to 07
[    0.560425] ACPI: PCI Root Bridge [PCI0] (domain 0000 [bus 00-ff])
[    0.564017] acpi PNP0A03:00: _OSC: OS supports [ASPM ClockPM Segments MSI]
[    0.570434] acpi PNP0A03:00: _OSC: not requesting OS control; OS requires [ExtendedConfig ASPM ClockPM MSI]
[    0.572041] acpi PNP0A03:00: fail to add MMCONFIG information, can't access extended PCI configuration space under this bridge.
[    0.582004] PCI host bridge to bus 0000:00
[    0.584007] pci_bus 0000:00: root bus resource [io  0x0000-0x0cf7 window]
[    0.588011] pci_bus 0000:00: root bus resource [io  0x0d00-0xffff window]
[    0.592007] pci_bus 0000:00: root bus resource [mem 0x000a0000-0x000bffff window]
[    0.596010] pci_bus 0000:00: root bus resource [mem 0x40000000-0xfdffffff window]
[    0.600013] pci_bus 0000:00: root bus resource [bus 00-ff]
[    0.627254] pci 0000:00:01.1: legacy IDE quirk: reg 0x10: [io  0x01f0-0x01f7]
[    0.628078] pci 0000:00:01.1: legacy IDE quirk: reg 0x14: [io  0x03f6]
[    0.632009] pci 0000:00:01.1: legacy IDE quirk: reg 0x18: [io  0x0170-0x0177]
[    0.636008] pci 0000:00:01.1: legacy IDE quirk: reg 0x1c: [io  0x0376]
[    0.760449] pci 0000:00:07.0: quirk: [io  0x4000-0x403f] claimed by PIIX4 ACPI
[    0.804107] pci 0000:00:07.0: quirk: [io  0x4100-0x410f] claimed by PIIX4 SMB
[    0.884329] ACPI: PCI Interrupt Link [LNKA] (IRQs 5 9 10 *11)
[    0.925210] ACPI: PCI Interrupt Link [LNKB] (IRQs 5 9 *10 11)
[    0.964535] ACPI: PCI Interrupt Link [LNKC] (IRQs 5 *9 10 11)
[    1.004829] ACPI: PCI Interrupt Link [LNKD] (IRQs 5 9 10 *11)
[    1.041326] SCSI subsystem initialized
[    1.060489] pci 0000:00:02.0: vgaarb: setting as boot VGA device
[    1.064000] pci 0000:00:02.0: vgaarb: VGA device added: decodes=io+mem,owns=io+mem,locks=none
[    1.108014] pci 0000:00:02.0: vgaarb: bridge control possible
[    1.132008] vgaarb: loaded
[    1.144133] ACPI: bus type USB registered
[    1.164146] usbcore: registered new interface driver usbfs
[    1.200043] usbcore: registered new interface driver hub
[    1.232034] usbcore: registered new device driver usb
[    1.268157] EDAC MC: Ver: 3.0.0
[    1.296362] PCI: Using ACPI for IRQ routing
[    1.328154] NetLabel: Initializing
[    1.348007] NetLabel:  domain hash size = 128
[    1.376035] NetLabel:  protocols = UNLABELED CIPSOv4 CALIPSO
[    1.408049] NetLabel:  unlabeled traffic allowed by default
[    1.424624] clocksource: Switched to clocksource kvm-clock
[    1.587220] VFS: Disk quotas dquot_6.6.0
[    1.600415] VFS: Dquot-cache hash table entries: 512 (order 0, 4096 bytes)
[    1.617831] AppArmor: AppArmor Filesystem Enabled
[    1.631779] pnp: PnP ACPI init
[    1.646764] pnp: PnP ACPI: found 3 devices
[    1.679109] clocksource: acpi_pm: mask: 0xffffff max_cycles: 0xffffff, max_idle_ns: 2085701024 ns
[    1.700694] NET: Registered protocol family 2
[    1.715563] IP idents hash table entries: 16384 (order: 5, 131072 bytes)
[    1.730462] TCP established hash table entries: 8192 (order: 4, 65536 bytes)
[    1.744433] TCP bind hash table entries: 8192 (order: 5, 131072 bytes)
[    1.758199] TCP: Hash tables configured (established 8192 bind 8192)
[    1.771476] UDP hash table entries: 512 (order: 2, 16384 bytes)
[    1.783520] UDP-Lite hash table entries: 512 (order: 2, 16384 bytes)
[    1.800496] NET: Registered protocol family 1
[    1.810339] pci 0000:00:00.0: Limiting direct PCI/PCI transfers
[    1.825022] pci 0000:00:01.0: Activating ISA DMA hang workarounds
[    1.839020] pci 0000:00:02.0: Video device with shadowed ROM at [mem 0x000c0000-0x000dffff]
[    1.858687] Unpacking initramfs...
[    3.422211] Freeing initrd memory: 19536K
[    3.436825] clocksource: tsc: mask: 0xffffffffffffffff max_cycles: 0x396d4e5fc9d, max_idle_ns: 881590756024 ns
[    3.459087] platform rtc_cmos: registered platform RTC device (no PNP device found)
[    3.478317] Scanning for low memory corruption every 60 seconds
[    3.496972] Initialise system trusted keyrings
[    3.507247] Key type blacklist registered
[    3.521019] workingset: timestamp_bits=36 max_order=18 bucket_order=0
[    3.541858] zbud: loaded
[    3.550370] squashfs: version 4.0 (2009/01/31) Phillip Lougher
[    3.565339] fuse init (API version 7.26)
[    3.630338] Key type asymmetric registered
[    3.644162] Asymmetric key parser 'x509' registered
[    3.656572] Block layer SCSI generic (bsg) driver version 0.4 loaded (major 246)
[    3.671193] io scheduler noop registered
[    3.679287] io scheduler deadline registered
[    3.687875] io scheduler cfq registered (default)
[    3.698757] ACPI: AC Adapter [AC] (off-line)
[    3.709911] input: Power Button as /devices/LNXSYSTM:00/LNXPWRBN:00/input/input0
[    3.727811] ACPI: Power Button [PWRF]
[    3.744820] input: Sleep Button as /devices/LNXSYSTM:00/LNXSLPBN:00/input/input1
[    3.761510] ACPI: Sleep Button [SLPF]
[    3.773309] Serial: 8250/16550 driver, 32 ports, IRQ sharing enabled
[    3.778811] ACPI: Battery Slot [BAT0] (battery present)
[    3.861157] 00:02: ttyS0 at I/O 0x3f8 (irq = 4, base_baud = 115200) is a 16550A
[    3.884083] Linux agpgart interface v0.103
[    3.900515] loop: module loaded
[    3.915064] scsi host0: ata_piix
[    3.926775] scsi host1: ata_piix
[    3.934660] ata1: PATA max UDMA/33 cmd 0x1f0 ctl 0x3f6 bmdma 0xd000 irq 14
[    3.950818] ata2: PATA max UDMA/33 cmd 0x170 ctl 0x376 bmdma 0xd008 irq 15
[    3.965048] libphy: Fixed MDIO Bus: probed
[    3.974030] tun: Universal TUN/TAP device driver, 1.6
[    3.984021] PPP generic driver version 2.4.2
[    3.995904] ehci_hcd: USB 2.0 'Enhanced' Host Controller (EHCI) Driver
[    4.010705] ehci-pci: EHCI PCI platform driver
[    4.024681] ehci-platform: EHCI generic platform driver
[    4.039165] ohci_hcd: USB 1.1 'Open' Host Controller (OHCI) Driver
[    4.052564] ohci-pci: OHCI PCI platform driver
[    4.062795] ohci-platform: OHCI generic platform driver
[    4.075282] uhci_hcd: USB Universal Host Controller Interface driver
[    4.088093] i8042: PNP: PS/2 Controller [PNP0303:PS2K,PNP0f03:PS2M] at 0x60,0x64 irq 1,12
[    4.116110] serio: i8042 KBD port at 0x60,0x64 irq 1
[    4.132377] serio: i8042 AUX port at 0x60,0x64 irq 12
[    4.147010] mousedev: PS/2 mouse device common for all mice
[    4.169752] input: AT Translated Set 2 keyboard as /devices/platform/i8042/serio0/input/input2
[    4.197423] rtc_cmos rtc_cmos: rtc core: registered rtc_cmos as rtc0
[    4.219166] rtc_cmos rtc_cmos: alarms up to one day, 114 bytes nvram
[    4.238390] i2c /dev entries driver
[    4.253612] device-mapper: uevent: version 1.0.3
[    4.266244] device-mapper: ioctl: 4.37.0-ioctl (2017-09-20) initialised: dm-devel@redhat.com
[    4.285040] ledtrig-cpu: registered to indicate activity on CPUs
[    4.305793] NET: Registered protocol family 10
[    4.339565] Segment Routing with IPv6
[    4.351105] NET: Registered protocol family 17
[    4.363910] Key type dns_resolver registered
[    4.377770] mce: Using 0 MCE banks
[    4.387311] RAS: Correctable Errors collector initialized.
[    4.398626] sched_clock: Marking stable (4398491853, 0)->(6828230063, -2429738210)
[    4.426616] registered taskstats version 1
[    4.438459] Loading compiled-in X.509 certificates
[    4.464174] Loaded X.509 cert 'Build time autogenerated kernel key: f60a4c8d126e94dbf36c5faa43fb49029eeea9a9'
[    4.487634] Loaded X.509 cert 'Canonical Ltd. Live Patch Signing: 14df34d1a87cf37625abec039ef2bf521249b969'
[    4.510157] Loaded X.509 cert 'Canonical Ltd. Kernel Module Signing: 88f752e560a1e0737e31163a466ad7b70a850c19'
[    4.531265] zswap: loaded using pool lzo/zbud
[    4.562232] Key type big_key registered
[    4.570919] Key type trusted registered
[    4.589350] Key type encrypted registered
[    4.601086] AppArmor: AppArmor sha1 policy hashing enabled
[    4.616834] ima: No TPM chip found, activating TPM-bypass! (rc=-19)
[    4.632502] ima: Allocated hash algorithm: sha1
[    4.645567] evm: HMAC attrs: 0x1
[    4.656707]   Magic number: 6:796:90
[    4.666064]  edac: hash matches
[    4.675272] rtc_cmos rtc_cmos: setting system clock to 2022-01-04 19:03:35 UTC (1641323015)
[    4.695602] BIOS EDD facility v0.16 2004-Jun-25, 0 devices found
[    4.712878] EDD information not available.
[    4.737476] Freeing unused kernel image memory: 2448K
[    4.781449] Write protecting the kernel read-only data: 20480k
[    4.804798] Freeing unused kernel image memory: 2008K
[    4.819111] Freeing unused kernel image memory: 1824K
[    4.839057] x86/mm: Checked W+X mappings: passed, no W+X pages found.
[    4.853100] x86/mm: Checking user space page tables
[    4.874114] x86/mm: Checked W+X mappings: passed, no W+X pages found.
Loading, please wait...
starting version 237
[    5.206731] Fusion MPT base driver 3.04.20
[    5.220585] Copyright (c) 1999-2008 LSI Corporation
[    5.241189] e1000: Intel(R) PRO/1000 Network Driver - version 7.3.21-k8-NAPI
[    5.258106] e1000: Copyright (c) 1999-2006 Intel Corporation.
[    5.358705] Fusion MPT SPI Host driver 3.04.20
[    5.382014] mptbase: ioc0: Initiating bringup
[    5.960815] input: ImExPS/2 Generic Explorer Mouse as /devices/platform/i8042/serio1/input/input4
[    6.027311] ioc0: LSI53C1030 A0: Capabilities={Initiator}
[    6.330427] scsi host2: ioc0: LSI53C1030 A0, FwRev=00000000h, Ports=1, MaxQ=256, IRQ=20
[    6.525980] scsi 2:0:0:0: Direct-Access     VBOX     HARDDISK         1.0  PQ: 0 ANSI: 5
[    6.616702] scsi target2:0:0: Beginning Domain Validation
[    6.663324] scsi target2:0:0: Domain Validation skipping write tests
[    6.681091] scsi target2:0:0: Ending Domain Validation
[    6.694432] scsi target2:0:0: asynchronous
[    6.708254] random: fast init done
[    6.722006] scsi 2:0:1:0: Direct-Access     VBOX     HARDDISK         1.0  PQ: 0 ANSI: 5
[    7.104574] scsi target2:0:1: Beginning Domain Validation
[    7.150165] scsi target2:0:1: Domain Validation skipping write tests
[    7.170126] scsi target2:0:1: Ending Domain Validation
[    7.187390] scsi target2:0:1: asynchronous
[    7.247687] sd 2:0:0:0: [sda] 83886080 512-byte logical blocks: (42.9 GB/40.0 GiB)
[    7.261045] random: systemd-udevd: uninitialized urandom read (16 bytes read)
[    7.283576] sd 2:0:0:0: [sda] Write Protect is off
[    7.284600] sd 2:0:0:0: Attached scsi generic sg0 type 0
[    7.302271] random: systemd-udevd: uninitialized urandom read (16 bytes read)
[    7.317654] random: systemd-udevd: uninitialized urandom read (16 bytes read)
[    7.335772] sd 2:0:0:0: [sda] Incomplete mode parameter data
[    7.351207] sd 2:0:0:0: [sda] Assuming drive cache: write through
[    7.363057] sd 2:0:1:0: [sdb] 20480 512-byte logical blocks: (10.5 MB/10.0 MiB)
[    7.366797] sd 2:0:1:0: Attached scsi generic sg1 type 0
[    7.383172] sd 2:0:1:0: [sdb] Write Protect is off
[    7.415497] sd 2:0:1:0: [sdb] Incomplete mode parameter data
[    7.433186] sd 2:0:1:0: [sdb] Assuming drive cache: write through
[    7.451884]  sda: sda1
[    7.479471] sd 2:0:0:0: [sda] Attached SCSI disk
[    7.503649] sd 2:0:1:0: [sdb] Attached SCSI disk
[    8.317208] e1000 0000:00:03.0 eth0: (PCI:33MHz:32-bit) 02:29:e0:c3:be:94
[    8.335976] e1000 0000:00:03.0 eth0: Intel(R) PRO/1000 Network Connection
[    8.361075] e1000 0000:00:03.0 enp0s3: renamed from eth0
Begin: Loading essential drivers ... [   12.604469] raid6: sse2x1   gen()  4194 MB/s
[   12.660780] raid6: sse2x1   xor()  3229 MB/s
[   12.716591] raid6: sse2x2   gen()  4807 MB/s
[   12.777013] raid6: sse2x2   xor()  3686 MB/s
[   12.833009] raid6: sse2x4   gen()  5879 MB/s
[   12.892435] raid6: sse2x4   xor()  3778 MB/s
[   12.903246] raid6: using algorithm sse2x4 gen() 5879 MB/s
[   12.914551] raid6: .... xor() 3778 MB/s, rmw enabled
[   12.925198] raid6: using ssse3x2 recovery algorithm
[   12.943105] xor: measuring software checksum speed
[   16.712532]    prefetch64-sse: 1981710.000 MB/sec
[   17.795253]    generic_sse: 20692.000 MB/sec
[   17.808346] xor: using function: prefetch64-sse (1981710.000 MB/sec)
[   17.828996] async_tx: api initialized (async)
done.
Begin: Running /scripts/init-premount ... done.
Begin: Mounting root file system ... Begin: Running /scripts/local-top ... done.
Begin: Running /scripts/local-premount ... [   18.043961] Btrfs loaded, crc32c=crc32c-intel
Scanning for Btrfs filesystems
done.
Warning: fsck not present, so skipping root file system
[   18.198562] EXT4-fs (sda1): mounted filesystem with ordered data mode. Opts: (null)
done.
Begin: Running /scripts/local-bottom ... done.
Begin: Running /scripts/init-bottom ... done.
[   18.964980] ip_tables: (C) 2000-2006 Netfilter Core Team
[   19.025200] systemd[1]: systemd 237 running in system mode. (+PAM +AUDIT +SELINUX +IMA +APPARMOR +SMACK +SYSVINIT +UTMP +LIBCRYPTSETUP +GCRYPT +GNUTLS +ACL +XZ +LZ4 +SECCOMP +BLKID +ELFUTILS +KMOD -IDN2 +IDN -PCRE2 default-hierarchy=hybrid)
[   19.071470] systemd[1]: Detected virtualization oracle.
[   19.090141] systemd[1]: Detected architecture x86-64.

Welcome to [1mUbuntu 18.04.6 LTS[0m!

[   19.210425] systemd[1]: Set hostname to <ubuntu>.
[   19.239669] systemd[1]: Initializing machine ID from random generator.
[   19.253756] systemd[1]: Installed transient /etc/machine-id file.
[   20.206317] systemd[1]: Reached target System Time Synchronized.
[[0;32m  OK  [0m] Reached target System Time Synchronized.
[   20.230513] systemd[1]: Started Forward Password Requests to Wall Directory Watch.
[[0;32m  OK  [0m] Started Forward Password Requests to Wall Directory Watch.
[   20.254257] systemd[1]: Reached target User and Group Name Lookups.
[[0;32m  OK  [0m] Reached target User and Group Name Lookups.
[   20.327720] systemd[1]: Created slice User and Session Slice.
[[0;32m  OK  [0m] Created slice User and Session Slice.
[[0;32m  OK  [0m] Created slice System Slice.
[[0;32m  OK  [0m] Listening on Device-mapper event daemon FIFOs.
[[0;32m  OK  [0m] Listening on udev Kernel Socket.
[[0;32m  OK  [0m] Listening on fsck to fsckd communication Socket.
[[0;32m  OK  [0m] Listening on Journal Audit Socket.
[[0;32m  OK  [0m] Listening on LVM2 poll daemon socket.
[[0;32m  OK  [0m] Listening on Journal Socket.
         Starting Uncomplicated firewall...
         Mounting POSIX Message Queue File System...
[[0;32m  OK  [0m] Created slice system-serial\x2dgetty.slice.
[[0;32m  OK  [0m] Listening on /dev/initctl Compatibility Named Pipe.
         Starting Set the console keyboard layout...
[[0;32m  OK  [0m] Reached target Swap.
[[0;32m  OK  [0m] Listening on udev Control Socket.
         Starting udev Coldplug all Devices...
         Mounting Huge Pages File System...
[[0;32m  OK  [0m] Listening on Network Service Netlink Socket.
         Starting File System Check on Root Device...
         Starting Create list of required st…ce nodes for the current kernel...
         Mounting Kernel Debug File System...
[[0;32m  OK  [0m] Reached target Slices.
         Starting Load Kernel Modules...
[[0;32m  OK  [0m] Listening on LVM2 metadata daemon socket.
         Starting Monitoring of LVM2 mirrors…ng dmeventd or progress polling...
[[0;32m  OK  [0m] Listening on Journal Socket (/dev/log).
[[0;32m  OK  [0m] Listening on Syslog Socket.
         Starting Journal Service...
[[0;32m  OK  [0m] Set up automount Arbitrary Executab…rmats File System Automount Point.
[[0;32m  OK  [0m] Started Uncomplicated firewall.
[[0;32m  OK  [0m] Mounted POSIX Message Queue File System.
[[0;32m  OK  [0m] Mounted Huge Pages File System.[   20.855806] Loading iSCSI transport class v2.0-870.

[[0;32m  OK  [0m] Started File System Check on Root Device.
[[0;32m  OK  [0m] Started Create list of required sta…vice nodes for the current kernel.
[[0;32m  OK  [0m] Mounted Kernel Debug File System.
[[0;32m  OK  [0m] Started LVM2 metadata daemon.[   21.004857] iscsi: registered transport (tcp)

[[0;32m  OK  [0m] Started File System Check Daemon to report status.
[   21.055138] random: crng init done
[   21.066338] random: 7 urandom warning(s) missed due to ratelimiting
         Starting Create Static Device Nodes in /dev...
         Starting Remount Root and Kernel File Systems...
[[0;32m  OK  [0m] Started Journal Service.
[[0;32m  OK  [0m] Started Monitoring of LVM2 mirrors,…sing dmeventd or progress polling.
[   21.265890] EXT4-fs (sda1): re-mounted. Opts: (null)
[[0;32m  OK  [0m] Started Remount Root and Kernel File Systems.
         Starting Load/Save Random Seed...
         Starting Flush Journal to Persistent Storage...
[[0;32m  OK  [0m] Started udev Coldplug all Devices.
[[0;32m  OK  [0m] Started Create Static Device Nodes in /dev.
[[0;32m  OK  [0m] Started Load/Save Random Seed.[   21.385522] iscsi: registered transport (iser)

         Starting udev Kernel Device Manager...
[   21.409403] systemd-journald[392]: Received request to flush runtime journal from PID 1
[[0;32m  OK  [0m] Started Load Kernel Modules.
         Starting Apply Kernel Variables...
         Mounting FUSE Control File System...
         Mounting Kernel Configuration File System...
[[0;32m  OK  [0m] Mounted FUSE Control File System.
[[0;32m  OK  [0m] Mounted Kernel Configuration File System.
[[0;32m  OK  [0m] Started udev Kernel Device Manager.
[[0;32m  OK  [0m] Started Apply Kernel Variables.
[[0;32m  OK  [0m] Started Flush Journal to Persistent Storage.
[[0;32m  OK  [0m] Found device /dev/ttyS0.
[[0;32m  OK  [0m] Listening on Load/Save RF Kill Switch Status /dev/rfkill Watch.
[[0;32m  OK  [0m] Started Set the console keyboard layout.
[[0;32m  OK  [0m] Reached target Local File Systems (Pre).
[[0;32m  OK  [0m] Reached target Local File Systems.
         Starting Commit a transient machine-id on disk...
         Starting ebtables ruleset management...
         Starting Set console font and keymap...
         Starting Tell Plymouth To Write Out Runtime Data...
         Starting AppArmor initialization...
         Starting Create Volatile Files and Directories...
[[0;32m  OK  [0m] Started Dispatch Password Requests to Console Directory Watch.
[[0;32m  OK  [0m] Reached target Local Encrypted Volumes.
[[0;32m  OK  [0m] Started Commit a transient machine-id on disk.
[[0;32m  OK  [0m] Started Tell Plymouth To Write Out Runtime Data.
[[0;32m  OK  [0m] Started Create Volatile Files and Directories.
[[0;32m  OK  [0m] Started ebtables ruleset management.
         Starting Update UTMP about System Boot/Shutdown...
[[0;32m  OK  [0m] Started Update UTMP about System Boot/Shutdown.
[[0;32m  OK  [0m] Started AppArmor initialization.
         Starting Load AppArmor profiles managed internally by snapd...
         Starting Initial cloud-init job (pre-networking)...
[[0;32m  OK  [0m] Started Load AppArmor profiles managed internally by snapd.
[[0;32m  OK  [0m] Started Set console font and keymap.
[   33.930724] cloud-init[761]: Cloud-init v. 21.4-0ubuntu1~18.04.1 running 'init-local' at Tue, 04 Jan 2022 19:04:03 +0000. Up 32.78 seconds.
[[0;32m  OK  [0m] Started Initial cloud-init job (pre-networking).
[[0;32m  OK  [0m] Reached target Network (Pre).
         Starting Network Service...
[[0;32m  OK  [0m] Started Network Service.
         Starting Wait for Network to be Configured...
         Starting Network Name Resolution...
[[0;32m  OK  [0m] Started Network Name Resolution.
[[0;32m  OK  [0m] Reached target Host and Network Name Lookups.
[[0;32m  OK  [0m] Reached target Network.
[[0;32m  OK  [0m] Started Wait for Network to be Configured.
         Starting Initial cloud-init job (metadata service crawler)...
[   37.895629] cloud-init[893]: Cloud-init v. 21.4-0ubuntu1~18.04.1 running 'init' at Tue, 04 Jan 2022 19:04:08 +0000. Up 37.52 seconds.
[   37.911673] cloud-init[893]: ci-info: ++++++++++++++++++++++++++++++++++++++Net device info++++++++++++++++++++++++++++++++++++++
[   37.925158] cloud-init[893]: ci-info: +--------+------+----------------------------+---------------+--------+-------------------+
[   37.938194] cloud-init[893]: ci-info: | Device |  Up  |          Address           |      Mask     | Scope  |     Hw-Address    |
[   37.951333] cloud-init[893]: ci-info: +--------+------+----------------------------+---------------+--------+-------------------+
[   37.959837] cloud-init[893]: ci-info: | enp0s3 | True |         10.0.2.15          | 255.255.255.0 | global | 02:29:e0:c3:be:94 |
[   37.969078] cloud-init[893]: ci-info: | enp0s3 | True | fe80::29:e0ff:fec3:be94/64 |       .       |  link  | 02:29:e0:c3:be:94 |
[   37.978459] cloud-init[893]: ci-info: |   lo   | True |         127.0.0.1          |   255.0.0.0   |  host  |         .         |
[   37.989025] cloud-init[893]: ci-info: |   lo   | True |          ::1/128           |       .       |  host  |         .         |
[   37.999233] cloud-init[893]: ci-info: +--------+------+----------------------------+---------------+--------+-------------------+
[   38.009679] cloud-init[893]: ci-info: ++++++++++++++++++++++++++++Route IPv4 info+++++++++++++++++++++++++++++
[   38.021677] cloud-init[893]: ci-info: +-------+-------------+----------+-----------------+-----------+-------+
[   38.031762] cloud-init[893]: ci-info: | Route | Destination | Gateway  |     Genmask     | Interface | Flags |
[   38.044927] cloud-init[893]: ci-info: +-------+-------------+----------+-----------------+-----------+-------+
[   38.051635] cloud-init[893]: ci-info: |   0   |   0.0.0.0   | 10.0.2.2 |     0.0.0.0     |   enp0s3  |   UG  |
[   38.057808] cloud-init[893]: ci-info: |   1   |   10.0.2.0  | 0.0.0.0  |  255.255.255.0  |   enp0s3  |   U   |
[   38.063736] cloud-init[893]: ci-info: |   2   |   10.0.2.2  | 0.0.0.0  | 255.255.255.255 |   enp0s3  |   UH  |
[   38.070101] cloud-init[893]: ci-info: +-------+-------------+----------+-----------------+-----------+-------+
[   38.075668] cloud-init[893]: ci-info: +++++++++++++++++++Route IPv6 info+++++++++++++++++++
[   38.080815] cloud-init[893]: ci-info: +-------+-------------+---------+-----------+-------+
[   38.086536] cloud-init[893]: ci-info: | Route | Destination | Gateway | Interface | Flags |
[   38.093956] cloud-init[893]: ci-info: +-------+-------------+---------+-----------+-------+
[   38.107957] cloud-init[893]: ci-info: |   1   |  fe80::/64  |    ::   |   enp0s3  |   U   |
[   38.129450] cloud-init[893]: ci-info: |   3   |    local    |    ::   |   enp0s3  |   U   |
[   38.149816] cloud-init[893]: ci-info: |   4   |   ff00::/8  |    ::   |   enp0s3  |   U   |
[   38.166979] cloud-init[893]: ci-info: +-------+-------------+---------+-----------+-------+
[   40.951650] cloud-init[893]: Generating public/private rsa key pair.
[   40.969528] cloud-init[893]: Your identification has been saved in /etc/ssh/ssh_host_rsa_key.
[   40.987916] cloud-init[893]: Your public key has been saved in /etc/ssh/ssh_host_rsa_key.pub.
[   40.999952] cloud-init[893]: The key fingerprint is:
[   41.009872] cloud-init[893]: SHA256:G13WKgZojAIXDLpfu8PFX79sU0G70lGb+3caa6U2TSg root@ubuntu-bionic
[   41.022804] cloud-init[893]: The key's randomart image is:
[   41.043304] cloud-init[893]: +---[RSA 2048]----+
[   41.059170] cloud-init[893]: |ooo.             |
[   41.075458] cloud-init[893]: |.o.  o .     .. .|
[[0;32m  OK  [0m] Started Initial cloud-init job (metadata service crawler).
[   41.100810] cloud-init[893]: [[0;32m  OK  [0m] Reached target Cloud-config availability.
[[0;32m  OK  [0m] Reached target Network is Online.
[[0;32m  OK  [0m] Reached target Remote File Systems (Pre).
[[0;32m  OK  [0m] Reached target Remote File Systems.
         Starting Availability of block devices...
[[0;32m  OK  [0m] Reached target System Initialization.
[[0;32m  OK  [0m] Started Daily apt download activities.
[[0;32m  OK  [0m] Started Message of the Day.
[[0;32m  OK  [0m] Listening on ACPID Listen Socket.
         Starting LXD - unix socket.
[[0;32m  OK  [0m] Listening on Open-iSCSI iscsid Socket.
[[0;32m  OK  [0m] Started ACPI Events Check.
[[0;32m  OK  [0m] Listening on cloud-init hotplug hook socket.
[[0;32m  OK  [0m] Started Daily Cleanup of Temporary Directories.
[[0;32m  OK  [0m] Listening on D-Bus System Message Bus Socket.
[[0;32m  OK  [0m] Started Ubuntu Advantage Timer for running repeated jobs.
[[0;32m  OK  [0m] Started Daily apt upgrade and clean activities.
[[0;32m  OK  [0m] Started Trigger to poll for Ubuntu …(Only enabled on GCP LTS non-pro).
[[0;32m  OK  [0m] Reached target Paths.
[[0;32m  OK  [0m] Started Discard unused blocks once a week.
[[0;32m  OK  [0m] Reached target Timers.
         Starting Socket activation for snappy daemon.
[[0;32m  OK  [0m] Listening on UUID daemon activation socket.
[[0;32m  OK  [0m] Started Availability of block devices.
[[0;32m  OK  [0m] Listening on Socket activation for snappy daemon.
[[0;32m  OK  [0m] Listening on LXD - unix socket.
[[0;32m  OK  [0m] Reached target Sockets.
[[0;32m  OK  [0m] Reached target Basic System.
|. . . + .   o..oo|         Starting Login Service...
         Starting LSB: Record successful boot for GRUB...

         Starting Virtualbox guest utils...
[[0;32m  OK  [0m] Started Deferred execution scheduler.
[[0;32m  OK  [0m] Started FUSE filesystem for LXC.
         Starting LXD - container startup/shutdown...
         Starting LSB: automatic crash report generation...
[   41.228847] cloud-init[893]: | . . .   o o .+o |
[   41.266550] cloud-init[893]: |.   ..  S + .. =.|
[   41.270158] cloud-init[893]: | . . .o  +..E =.o|
[   41.273710] cloud-init[893]: |  .... ... . +.=.|
[   41.277409] cloud-init[893]: |    o.  .  .+ =o=|
[   41.281108] cloud-init[893]: |    ..     .o=ooo|
[   41.284328] cloud-init[893]: +----[SHA256]-----+
[   41.289036] cloud-init[893]: Generating public/private dsa key pair.
[   41.293254] cloud-init[893]: Your identification has been saved in /etc/ssh/ssh_host_dsa_key.
[   41.298531] cloud-init[893]: Your public key has been saved in /etc/ssh/ssh_host_dsa_key.pub.
[   41.304815] cloud-init[893]: The key fingerprint is:
[   41.309128] cloud-init[893]: SHA256:KGqDET+9SuqfHka6K6n/US6EjeiobkxtbuuWBXU3cj0 root@ubuntu-bionic
[   41.315540] cloud-init[893]: The key's randomart image is:
[   41.327496] cloud-init[893]: +---[DSA 1024]----+
[   41.331223] cloud-init[893]: |          .      |
[   41.334743] cloud-init[893]: |     . o + E     |
[   41.355298] cloud-init[893]: |.   . . + . .    |
[[0;32m  OK  [0m] Started Regular background program processing daemon.
[   41.365712] cloud-init[893]: | + *   .         |
[   41.376644] cloud-init[893]: |o *.* o S        |
[   41.380681] cloud-init[893]: |o+o* *           |
[   41.384931] cloud-init[893]: |=+Bo* .          |
[   41.389384] cloud-init[893]: |+*oBoo           |
[   41.393825] cloud-init[893]: |X*XBo            |
[   41.398596] cloud-init[893]: +----[SHA256]-----+
[   41.403310] cloud-init[893]: Generating public/private ecdsa key pair.
[   41.410004] cloud-init[893]: Your identification has been saved in /etc/ssh/ssh_host_ecdsa_key.
[   41.420875] cloud-init[893]: Your public key has been saved in /etc/ssh/ssh_host_ecdsa_key.pub.
[   41.431154] cloud-init[893]: The key fingerprint is:
[   41.437865] cloud-init[893]: SHA256:YHh1lqFcamL8RQe2TbmAo9inVZxjTY4cwwokoGCCkFU root@ubuntu-bionic
[   41.448251] cloud-init[893]: The key's randomart image is:
[   41.454278] cloud-init[893]: +---[ECDSA 256]---+
[   41.463657] cloud-init[893]: |*+ooE.. .+@B+.   |
[   41.510586] cloud-init[893]: |*.   +.ooXXXo    |
         Starting Dispatcher daemon for systemd-networkd...
[   41.535546] cloud-init[893]: |.   .oBo===oo.   |
[   41.546152] cloud-init[893]: |    .+o=+.  .    |
         Starting Pollinate to seed the pseudo random number generator...
         Starting Permit User Sessions...
[[0;32m  OK  [0m] Started D-Bus System Message Bus.
[   41.593367] cloud-init[893]: |       +S        |
[   41.662861] cloud-init[893]: |      .          |
[   41.686611] cloud-init[893]: |                 |
[   41.703465] cloud-init[893]: |                 |
[   41.736927] cloud-init[893]: |                 |
[   41.748858] cloud-init[893]: +----[SHA256]-----+
[   41.758411] cloud-init[893]: Generating public/private ed25519 key pair.
[   41.769564] cloud-init[893]: Your identification has been saved in /etc/ssh/ssh_host_ed25519_key.
[   41.786882] cloud-init[893]: Your public key has been saved in /etc/ssh/ssh_host_ed25519_key.pub.
[   41.809932] cloud-init[893]: The key fingerprint is:
[   41.826647] cloud-init[893]: SHA256:fT/eml5DoIL3PusqTSUdoaQx/RidIKpJ1TScqSvn9sg root@ubuntu-bionic
[   41.861740] cloud-init[893]: The key's randomart image is:
[   41.883958] cloud-init[893]: +--[ED25519 256]--+
[   41.913087] cloud-init[893]: |     .+*+oo.o    |
[   41.927701] cloud-init[893]: |    . .=Bo.+     |
[   41.938943] cloud-init[893]: |   . ... .= ..   |
[   41.956110] cloud-init[893]: |  . o.  .+ +. .  |
[   41.984023] cloud-init[893]: |   o  ..So+..  . |
[   42.011875] cloud-init[893]: |   . o  ..o. ..  |
[   42.034796] cloud-init[893]: |    +   o  .  o..|
[   42.063917] cloud-init[893]: |    .o.. ... . =.|
[   42.091020] cloud-init[893]: |    .E....o+o.=..|
[   42.121147] cloud-init[893]: +----[SHA256]-----+
[[0;32m  OK  [0m] Started irqbalance daemon.
         Starting Accounts Service...
         Starting System Logging Service...
         Starting Snap Daemon...
[[0;32m  OK  [0m] Started LXD - container startup/shutdown.
[[0;32m  OK  [0m] Started Permit User Sessions.
[[0;32m  OK  [0m] Started Login Service.
[[0;32m  OK  [0m] Started Unattended Upgrades Shutdown.
         Starting Terminate Plymouth Boot Screen...
         Starting Hold until boot process finishes up...
[[0;32m  OK  [0m] Started Hold until boot process finishes up.
         Starting Set console scheme...
[[0;32m  OK  [0m] Started Serial Getty on ttyS0.
[[0;32m  OK  [0m] Started Terminate Plymouth Boot Screen.
[[0;32m  OK  [0m] Started Set console scheme.
[[0;32m  OK  [0m] Created slice system-getty.slice.
[[0;32m  OK  [0m] Started Getty on tty1.
[[0;32m  OK  [0m] Reached target Login Prompts.
         Starting Authorization Manager...
[[0;32m  OK  [0m] Started System Logging Service.
[[0;32m  OK  [0m] Started LSB: Record successful boot for GRUB.
[[0;32m  OK  [0m] Started LSB: automatic crash report generation.
[[0;32m  OK  [0m] Started Authorization Manager.
[[0;32m  OK  [0m] Started Accounts Service.
[[0;32m  OK  [0m] Started Virtualbox guest utils.
[[0;32m  OK  [0m] Started Dispatcher daemon for systemd-networkd.
[[0;32m  OK  [0m] Started Snap Daemon.
         Starting Wait until snapd is fully seeded...
[[0;32m  OK  [0m] Started Pollinate to seed the pseudo random number generator.
         Starting OpenBSD Secure Shell server...
[[0;32m  OK  [0m] Started OpenBSD Secure Shell server.
[[0;32m  OK  [0m] Created slice User Slice of vagrant.
[[0;32m  OK  [0m] Started Session 1 of user vagrant.
         Starting User Manager for UID 1000...
[[0;32m  OK  [0m] Started User Manager for UID 1000.

Ubuntu 18.04.6 LTS ubuntu-bionic ttyS0

ubuntu-bionic login: [   56.182815] cloud-init[1326]: Cloud-init v. 21.4-0ubuntu1~18.04.1 running 'modules:config' at Tue, 04 Jan 2022 19:04:23 +0000. Up 53.00 seconds.
ci-info: no authorized SSH keys fingerprints found for user ubuntu.
<14>Jan  4 19:04:29 cloud-init: #############################################################
<14>Jan  4 19:04:29 cloud-init: -----BEGIN SSH HOST KEY FINGERPRINTS-----
<14>Jan  4 19:04:29 cloud-init: 1024 SHA256:KGqDET+9SuqfHka6K6n/US6EjeiobkxtbuuWBXU3cj0 root@ubuntu-bionic (DSA)
<14>Jan  4 19:04:29 cloud-init: 256 SHA256:YHh1lqFcamL8RQe2TbmAo9inVZxjTY4cwwokoGCCkFU root@ubuntu-bionic (ECDSA)
<14>Jan  4 19:04:29 cloud-init: 256 SHA256:fT/eml5DoIL3PusqTSUdoaQx/RidIKpJ1TScqSvn9sg root@ubuntu-bionic (ED25519)
<14>Jan  4 19:04:29 cloud-init: 2048 SHA256:G13WKgZojAIXDLpfu8PFX79sU0G70lGb+3caa6U2TSg root@ubuntu-bionic (RSA)
<14>Jan  4 19:04:29 cloud-init: -----END SSH HOST KEY FINGERPRINTS-----
<14>Jan  4 19:04:29 cloud-init: #############################################################
-----BEGIN SSH HOST KEY KEYS-----
ecdsa-sha2-nistp256 AAAAE2VjZHNhLXNoYTItbmlzdHAyNTYAAAAIbmlzdHAyNTYAAABBBLGeF0CHlwL0iasD24CBqQiereAXfLXOH3M64QcZrl3GY3lPUPUTeAL1NcvrTz4YKv21UejOulcf92njkXPP+do= root@ubuntu-bionic
ssh-ed25519 AAAAC3NzaC1lZDI1NTE5AAAAIBcxbEGgbqDzLGocqToU12/LPx+G6WCVqyUNoI5CzASc root@ubuntu-bionic
ssh-rsa AAAAB3NzaC1yc2EAAAADAQABAAABAQC/fVUkS7DdP/GEyhuLCrbVgj/lQXen1fDGuZZufgzZ0uEo/0R+rKwhA9nAB8JBw2isOAjUskg718plemsmK90uz0BrcF8ebiwbrFYp9g10hb94xnCaQiroUTn4CFLblaW0rfhlvq8armaBI/+mbQg0LPcpMiAOU5f2+d9nRaNKxl2fT4Kx54PfIMMCWR+vRzVIlPcbE1AtEEaFhBoK+XJVoEuzXmITbpKZtSx1pbtais4TthLAHkCE0Gdw3x9cZPi7chcbPXofNv3Mi0d4TBMLV/NPOAdTgDef8L4eCeaPaqubxicPTZr80flw0S4kv/H++wjXXsnANV/3lGEW+k0X root@ubuntu-bionic
-----END SSH HOST KEY KEYS-----
[   58.662405] cloud-init[1462]: Cloud-init v. 21.4-0ubuntu1~18.04.1 running 'modules:final' at Tue, 04 Jan 2022 19:04:28 +0000. Up 57.88 seconds.
[   58.720381] cloud-init[1462]: ci-info: no authorized SSH keys fingerprints found for user ubuntu.
[   58.789686] cloud-init[1462]: Cloud-init v. 21.4-0ubuntu1~18.04.1 finished at Tue, 04 Jan 2022 19:04:29 +0000. Datasource DataSourceNoCloud [seed=/dev/sdb][dsmode=net].  Up 58.59 seconds
